2025-03-03 16:07:23,338 - INFO - База данных уже существует
2025-03-03 16:07:23,351 - INFO - Подключение к базе данных прошло успешно
2025-03-03 16:07:23,351 - INFO - Таблицы базы данных успешно созданы
2025-03-03 16:07:29,117 - INFO - Подключение к базе данных закрыто
2025-03-03 16:12:51,997 - INFO - База данных уже существует
2025-03-03 16:12:52,007 - INFO - Подключение к базе данных прошло успешно
2025-03-03 16:12:52,007 - INFO - Таблицы базы данных успешно созданы
2025-03-03 16:13:34,156 - INFO - Подключение к базе данных закрыто
2025-03-03 16:16:26,360 - INFO - База данных уже существует
2025-03-03 16:16:26,372 - INFO - Подключение к базе данных прошло успешно
2025-03-03 16:16:26,373 - INFO - Таблицы базы данных успешно созданы
2025-03-03 16:17:23,880 - INFO - Подключение к базе данных закрыто
2025-03-04 10:45:22,527 - DEBUG - create() called, session: <sqlalchemy.orm.session.AsyncSession object at 0x1086f56a0>
2025-03-04 11:21:52,781 - DEBUG - create() called, session: <sqlalchemy.orm.session.AsyncSession object at 0x103c49940>
2025-03-04 11:21:52,800 - ERROR - Error occurred: (sqlalchemy.dialects.postgresql.asyncpg.ProgrammingError) <class 'asyncpg.exceptions.UndefinedTableError'>: relation "tag" does not exist
[SQL: INSERT INTO tag (name) VALUES ($1::VARCHAR) RETURNING tag.id]
[parameters: ('string',)]
(Background on this error at: https://sqlalche.me/e/20/f405)
2025-03-04 11:25:15,585 - DEBUG - create() called, session: <sqlalchemy.orm.session.AsyncSession object at 0x104591940>
2025-03-04 11:26:26,102 - INFO - База данных уже существует
2025-03-04 11:26:26,115 - INFO - Подключение к базе данных прошло успешно
2025-03-04 11:26:26,115 - INFO - Таблицы базы данных успешно созданы
2025-03-04 11:26:29,757 - INFO - Подключение к базе данных закрыто
2025-03-04 11:26:30,256 - INFO - База данных уже существует
2025-03-04 11:26:30,272 - INFO - Подключение к базе данных прошло успешно
2025-03-04 11:26:30,272 - INFO - Таблицы базы данных успешно созданы
2025-03-04 11:50:34,295 - INFO - Подключение к базе данных закрыто
2025-03-04 11:52:34,358 - INFO - База данных уже существует
2025-03-04 11:52:34,369 - INFO - Подключение к базе данных прошло успешно
2025-03-04 11:52:34,369 - INFO - Таблицы базы данных успешно созданы
2025-03-04 11:56:07,585 - INFO - Подключение к базе данных закрыто
2025-03-04 11:56:08,095 - INFO - База данных уже существует
2025-03-04 11:56:08,105 - INFO - Подключение к базе данных прошло успешно
2025-03-04 11:56:09,930 - INFO - Подключение к базе данных закрыто
2025-03-04 11:56:12,332 - INFO - База данных уже существует
2025-03-04 11:56:12,345 - INFO - Подключение к базе данных прошло успешно
2025-03-04 11:58:20,978 - INFO - Подключение к базе данных закрыто
2025-03-04 11:58:21,481 - INFO - База данных уже существует
2025-03-04 11:58:21,585 - INFO - Подключение к базе данных прошло успешно
2025-03-04 11:58:45,746 - INFO - Подключение к базе данных закрыто
2025-03-04 11:59:59,623 - INFO - База данных уже существует
2025-03-04 11:59:59,637 - INFO - Подключение к базе данных прошло успешно
2025-03-04 12:02:00,209 - INFO - Подключение к базе данных закрыто
2025-03-04 12:02:00,717 - INFO - База данных уже существует
2025-03-04 12:02:00,747 - INFO - Подключение к базе данных прошло успешно
2025-03-04 12:02:25,518 - INFO - Подключение к базе данных закрыто
2025-03-04 12:02:26,013 - INFO - База данных уже существует
2025-03-04 12:02:26,025 - INFO - Подключение к базе данных прошло успешно
2025-03-04 12:03:33,226 - INFO - Подключение к базе данных закрыто
2025-03-04 12:03:33,726 - INFO - База данных уже существует
2025-03-04 12:03:33,736 - INFO - Подключение к базе данных прошло успешно
2025-03-04 12:04:08,547 - INFO - Подключение к базе данных закрыто
2025-03-04 12:04:09,055 - INFO - База данных уже существует
2025-03-04 12:04:09,064 - INFO - Подключение к базе данных прошло успешно
2025-03-04 12:04:48,586 - INFO - Подключение к базе данных закрыто
2025-03-04 12:04:49,088 - INFO - База данных уже существует
2025-03-04 12:04:49,099 - INFO - Подключение к базе данных прошло успешно
2025-03-04 12:08:48,475 - INFO - Подключение к базе данных закрыто
2025-03-04 12:08:48,977 - INFO - База данных уже существует
2025-03-04 12:08:48,987 - INFO - Подключение к базе данных прошло успешно
2025-03-04 12:08:58,800 - INFO - Подключение к базе данных закрыто
2025-03-04 12:08:59,295 - INFO - База данных уже существует
2025-03-04 12:08:59,309 - INFO - Подключение к базе данных прошло успешно
2025-03-04 12:10:04,101 - INFO - Подключение к базе данных закрыто
2025-03-04 12:10:04,611 - INFO - База данных уже существует
2025-03-04 12:10:04,624 - INFO - Подключение к базе данных прошло успешно
2025-03-04 12:10:36,170 - INFO - Подключение к базе данных закрыто
2025-03-04 12:10:36,668 - INFO - База данных уже существует
2025-03-04 12:10:36,681 - INFO - Подключение к базе данных прошло успешно
2025-03-04 12:10:55,595 - INFO - Подключение к базе данных закрыто
2025-03-04 12:11:01,276 - INFO - База данных уже существует
2025-03-04 12:11:01,286 - INFO - Подключение к базе данных прошло успешно
2025-03-04 12:12:43,342 - INFO - Подключение к базе данных закрыто
2025-03-04 12:12:43,874 - INFO - База данных уже существует
2025-03-04 12:12:43,886 - INFO - Подключение к базе данных прошло успешно
2025-03-04 12:13:18,446 - INFO - Подключение к базе данных закрыто
2025-03-04 12:13:18,986 - INFO - База данных уже существует
2025-03-04 12:13:18,999 - INFO - Подключение к базе данных прошло успешно
2025-03-04 12:14:04,275 - INFO - Подключение к базе данных закрыто
2025-03-04 12:14:47,121 - INFO - База данных уже существует
2025-03-04 12:14:47,129 - INFO - Подключение к базе данных прошло успешно
2025-03-04 12:16:10,112 - INFO - Подключение к базе данных закрыто
2025-03-04 12:16:10,598 - INFO - База данных уже существует
2025-03-04 12:16:10,612 - INFO - Подключение к базе данных прошло успешно
2025-03-04 12:19:05,443 - INFO - Подключение к базе данных закрыто
2025-03-04 12:19:06,058 - INFO - База данных уже существует
2025-03-04 12:19:06,069 - INFO - Подключение к базе данных прошло успешно
2025-03-04 12:19:29,109 - INFO - Подключение к базе данных закрыто
2025-03-04 12:19:29,612 - INFO - База данных уже существует
2025-03-04 12:19:29,621 - INFO - Подключение к базе данных прошло успешно
2025-03-04 12:19:36,799 - INFO - Подключение к базе данных закрыто
2025-03-04 12:19:37,311 - INFO - База данных уже существует
2025-03-04 12:19:37,321 - INFO - Подключение к базе данных прошло успешно
2025-03-04 12:20:57,944 - INFO - Подключение к базе данных закрыто
2025-03-04 12:20:58,616 - INFO - База данных уже существует
2025-03-04 12:20:58,625 - INFO - Подключение к базе данных прошло успешно
2025-03-04 12:21:40,588 - INFO - Подключение к базе данных закрыто
2025-03-04 12:21:41,070 - INFO - База данных уже существует
2025-03-04 12:21:41,084 - INFO - Подключение к базе данных прошло успешно
2025-03-04 12:21:50,789 - INFO - Подключение к базе данных закрыто
2025-03-04 12:21:51,295 - INFO - База данных уже существует
2025-03-04 12:21:51,305 - INFO - Подключение к базе данных прошло успешно
2025-03-04 12:22:39,689 - INFO - Подключение к базе данных закрыто
2025-03-04 12:22:40,195 - INFO - База данных уже существует
2025-03-04 12:22:40,209 - INFO - Подключение к базе данных прошло успешно
2025-03-04 12:26:04,720 - INFO - Подключение к базе данных закрыто
2025-03-04 12:26:05,356 - INFO - База данных уже существует
2025-03-04 12:26:05,366 - INFO - Подключение к базе данных прошло успешно
2025-03-04 12:26:14,870 - INFO - Подключение к базе данных закрыто
2025-03-04 12:26:15,377 - INFO - База данных уже существует
2025-03-04 12:26:15,388 - INFO - Подключение к базе данных прошло успешно
2025-03-04 12:27:53,732 - INFO - Подключение к базе данных закрыто
2025-03-04 12:27:54,341 - INFO - База данных уже существует
2025-03-04 12:27:54,366 - INFO - Подключение к базе данных прошло успешно
2025-03-04 12:28:00,739 - INFO - Подключение к базе данных закрыто
2025-03-04 12:28:01,285 - INFO - База данных уже существует
2025-03-04 12:28:01,296 - INFO - Подключение к базе данных прошло успешно
2025-03-04 12:28:22,732 - INFO - Подключение к базе данных закрыто
2025-03-04 12:28:23,245 - INFO - База данных уже существует
2025-03-04 12:28:23,256 - INFO - Подключение к базе данных прошло успешно
2025-03-04 12:28:27,508 - INFO - Подключение к базе данных закрыто
2025-03-04 12:28:28,053 - INFO - База данных уже существует
2025-03-04 12:28:28,068 - INFO - Подключение к базе данных прошло успешно
2025-03-04 12:28:54,354 - INFO - Подключение к базе данных закрыто
2025-03-04 12:28:54,850 - INFO - База данных уже существует
2025-03-04 12:28:54,866 - INFO - Подключение к базе данных прошло успешно
2025-03-04 12:29:00,537 - INFO - Подключение к базе данных закрыто
2025-03-04 12:29:01,047 - INFO - База данных уже существует
2025-03-04 12:29:01,059 - INFO - Подключение к базе данных прошло успешно
2025-03-04 12:31:39,734 - INFO - Подключение к базе данных закрыто
2025-03-04 12:31:40,236 - INFO - База данных уже существует
2025-03-04 12:31:40,248 - INFO - Подключение к базе данных прошло успешно
2025-03-04 12:32:25,626 - INFO - Подключение к базе данных закрыто
2025-03-04 12:32:26,257 - INFO - База данных уже существует
2025-03-04 12:32:26,269 - INFO - Подключение к базе данных прошло успешно
2025-03-04 12:32:45,989 - INFO - Подключение к базе данных закрыто
2025-03-04 12:32:46,547 - INFO - База данных уже существует
2025-03-04 12:32:46,557 - INFO - Подключение к базе данных прошло успешно
2025-03-04 12:34:40,219 - INFO - Подключение к базе данных закрыто
2025-03-04 12:34:40,751 - INFO - База данных уже существует
2025-03-04 12:34:40,764 - INFO - Подключение к базе данных прошло успешно
2025-03-04 12:34:44,203 - INFO - Подключение к базе данных закрыто
2025-03-04 12:34:44,713 - INFO - База данных уже существует
2025-03-04 12:34:44,724 - INFO - Подключение к базе данных прошло успешно
2025-03-04 12:35:22,524 - INFO - Подключение к базе данных закрыто
2025-03-04 12:35:27,849 - INFO - База данных уже существует
2025-03-04 12:35:27,859 - INFO - Подключение к базе данных прошло успешно
2025-03-04 12:35:43,226 - INFO - Подключение к базе данных закрыто
2025-03-04 12:35:43,723 - INFO - База данных уже существует
2025-03-04 12:35:43,733 - INFO - Подключение к базе данных прошло успешно
2025-03-04 12:36:03,957 - INFO - Подключение к базе данных закрыто
2025-03-04 12:36:04,465 - INFO - База данных уже существует
2025-03-04 12:36:04,475 - INFO - Подключение к базе данных прошло успешно
2025-03-04 12:43:26,815 - INFO - Подключение к базе данных закрыто
2025-03-04 12:43:27,420 - INFO - База данных уже существует
2025-03-04 12:43:27,434 - INFO - Подключение к базе данных прошло успешно
2025-03-04 12:44:01,383 - INFO - Подключение к базе данных закрыто
2025-03-04 12:44:01,941 - INFO - База данных уже существует
2025-03-04 12:44:01,951 - INFO - Подключение к базе данных прошло успешно
2025-03-04 12:45:38,222 - INFO - Подключение к базе данных закрыто
2025-03-04 12:50:37,798 - INFO - База данных уже существует
2025-03-04 12:50:37,809 - INFO - Подключение к базе данных прошло успешно
2025-03-04 12:51:38,432 - INFO - Подключение к базе данных закрыто
2025-03-04 12:51:39,052 - INFO - База данных уже существует
2025-03-04 12:51:39,063 - INFO - Подключение к базе данных прошло успешно
2025-03-04 12:52:31,486 - INFO - Подключение к базе данных закрыто
2025-03-04 12:52:31,997 - INFO - База данных уже существует
2025-03-04 12:52:32,009 - INFO - Подключение к базе данных прошло успешно
2025-03-04 12:58:23,903 - INFO - Подключение к базе данных закрыто
2025-03-04 12:58:24,513 - INFO - База данных уже существует
2025-03-04 12:58:24,523 - INFO - Подключение к базе данных прошло успешно
2025-03-04 12:58:33,021 - INFO - Подключение к базе данных закрыто
2025-03-04 12:58:33,594 - INFO - База данных уже существует
2025-03-04 12:58:33,605 - INFO - Подключение к базе данных прошло успешно
2025-03-04 13:01:00,207 - INFO - Подключение к базе данных закрыто
2025-03-04 13:01:00,804 - INFO - База данных уже существует
2025-03-04 13:01:00,817 - INFO - Подключение к базе данных прошло успешно
2025-03-04 13:01:30,627 - INFO - Подключение к базе данных закрыто
2025-03-04 13:02:58,218 - INFO - База данных уже существует
2025-03-04 13:02:58,228 - INFO - Подключение к базе данных прошло успешно
2025-03-04 13:03:26,335 - INFO - Подключение к базе данных закрыто
2025-03-04 13:03:26,849 - INFO - База данных уже существует
2025-03-04 13:03:26,860 - INFO - Подключение к базе данных прошло успешно
2025-03-04 13:03:37,578 - INFO - Подключение к базе данных закрыто
2025-03-04 13:03:38,078 - INFO - База данных уже существует
2025-03-04 13:03:38,089 - INFO - Подключение к базе данных прошло успешно
2025-03-04 13:03:44,970 - INFO - Подключение к базе данных закрыто
2025-03-04 13:03:45,514 - INFO - База данных уже существует
2025-03-04 13:03:45,524 - INFO - Подключение к базе данных прошло успешно
2025-03-04 13:04:01,102 - INFO - Подключение к базе данных закрыто
2025-03-04 13:04:01,629 - INFO - База данных уже существует
2025-03-04 13:04:01,643 - INFO - Подключение к базе данных прошло успешно
2025-03-04 13:04:23,976 - INFO - Подключение к базе данных закрыто
2025-03-04 13:04:24,558 - INFO - База данных уже существует
2025-03-04 13:04:24,570 - INFO - Подключение к базе данных прошло успешно
2025-03-04 13:04:33,980 - INFO - Подключение к базе данных закрыто
2025-03-04 13:05:22,941 - INFO - База данных уже существует
2025-03-04 13:05:22,954 - INFO - Подключение к базе данных прошло успешно
2025-03-04 13:05:50,144 - INFO - Подключение к базе данных закрыто
2025-03-04 13:05:50,748 - INFO - База данных уже существует
2025-03-04 13:05:50,758 - INFO - Подключение к базе данных прошло успешно
2025-03-04 13:06:14,010 - INFO - Подключение к базе данных закрыто
2025-03-04 13:06:14,492 - INFO - База данных уже существует
2025-03-04 13:06:14,505 - INFO - Подключение к базе данных прошло успешно
2025-03-04 13:06:31,785 - INFO - Подключение к базе данных закрыто
2025-03-04 13:06:32,307 - INFO - База данных уже существует
2025-03-04 13:06:32,320 - INFO - Подключение к базе данных прошло успешно
2025-03-04 13:07:25,462 - INFO - Подключение к базе данных закрыто
2025-03-04 13:07:25,959 - INFO - База данных уже существует
2025-03-04 13:07:25,970 - INFO - Подключение к базе данных прошло успешно
2025-03-04 13:11:34,130 - INFO - Подключение к базе данных закрыто
2025-03-04 13:11:34,752 - INFO - База данных уже существует
2025-03-04 13:11:34,762 - INFO - Подключение к базе данных прошло успешно
2025-03-04 13:13:04,794 - INFO - Подключение к базе данных закрыто
2025-03-04 13:13:05,394 - INFO - База данных уже существует
2025-03-04 13:13:05,403 - INFO - Подключение к базе данных прошло успешно
2025-03-04 13:13:53,187 - INFO - Подключение к базе данных закрыто
2025-03-04 13:14:09,451 - INFO - База данных уже существует
2025-03-04 13:14:09,461 - INFO - Подключение к базе данных прошло успешно
2025-03-04 13:14:46,856 - INFO - Подключение к базе данных закрыто
2025-03-04 13:14:47,362 - INFO - База данных уже существует
2025-03-04 13:14:47,371 - INFO - Подключение к базе данных прошло успешно
2025-03-04 13:15:52,943 - INFO - Подключение к базе данных закрыто
2025-03-04 13:15:53,542 - INFO - База данных уже существует
2025-03-04 13:15:53,555 - INFO - Подключение к базе данных прошло успешно
2025-03-04 13:16:02,665 - INFO - Подключение к базе данных закрыто
2025-03-04 13:16:03,168 - INFO - База данных уже существует
2025-03-04 13:16:03,181 - INFO - Подключение к базе данных прошло успешно
2025-03-04 13:16:49,155 - INFO - Подключение к базе данных закрыто
2025-03-04 13:16:49,661 - INFO - База данных уже существует
2025-03-04 13:16:49,671 - INFO - Подключение к базе данных прошло успешно
2025-03-04 13:17:51,594 - INFO - Подключение к базе данных закрыто
2025-03-04 13:17:52,102 - INFO - База данных уже существует
2025-03-04 13:17:52,113 - INFO - Подключение к базе данных прошло успешно
2025-03-04 13:18:08,098 - INFO - Подключение к базе данных закрыто
2025-03-04 13:18:08,600 - INFO - База данных уже существует
2025-03-04 13:18:08,611 - INFO - Подключение к базе данных прошло успешно
2025-03-04 13:18:59,543 - INFO - Подключение к базе данных закрыто
2025-03-04 13:19:00,027 - INFO - База данных уже существует
2025-03-04 13:19:00,041 - INFO - Подключение к базе данных прошло успешно
2025-03-04 13:19:02,776 - INFO - Подключение к базе данных закрыто
2025-03-04 13:19:03,252 - INFO - База данных уже существует
2025-03-04 13:19:03,262 - INFO - Подключение к базе данных прошло успешно
2025-03-04 13:19:57,732 - INFO - Подключение к базе данных закрыто
2025-03-04 13:19:58,264 - INFO - База данных уже существует
2025-03-04 13:19:58,274 - INFO - Подключение к базе данных прошло успешно
2025-03-04 13:20:20,715 - INFO - Подключение к базе данных закрыто
2025-03-04 13:20:21,226 - INFO - База данных уже существует
2025-03-04 13:20:21,236 - INFO - Подключение к базе данных прошло успешно
2025-03-04 13:20:33,764 - INFO - Подключение к базе данных закрыто
2025-03-04 13:20:34,260 - INFO - База данных уже существует
2025-03-04 13:20:34,271 - INFO - Подключение к базе данных прошло успешно
2025-03-04 13:21:17,127 - INFO - Подключение к базе данных закрыто
2025-03-04 13:21:17,634 - INFO - База данных уже существует
2025-03-04 13:21:17,645 - INFO - Подключение к базе данных прошло успешно
2025-03-04 13:21:20,897 - INFO - Подключение к базе данных закрыто
2025-03-04 13:21:21,375 - INFO - База данных уже существует
2025-03-04 13:21:21,391 - INFO - Подключение к базе данных прошло успешно
2025-03-04 13:21:31,803 - INFO - Подключение к базе данных закрыто
2025-03-04 13:21:32,343 - INFO - База данных уже существует
2025-03-04 13:21:32,353 - INFO - Подключение к базе данных прошло успешно
2025-03-04 13:21:43,570 - INFO - Подключение к базе данных закрыто
2025-03-04 13:21:44,112 - INFO - База данных уже существует
2025-03-04 13:21:44,122 - INFO - Подключение к базе данных прошло успешно
2025-03-04 13:22:07,669 - INFO - Подключение к базе данных закрыто
2025-03-04 13:22:08,178 - INFO - База данных уже существует
2025-03-04 13:22:08,188 - INFO - Подключение к базе данных прошло успешно
2025-03-04 13:22:27,895 - INFO - Подключение к базе данных закрыто
2025-03-04 13:22:28,395 - INFO - База данных уже существует
2025-03-04 13:22:28,407 - INFO - Подключение к базе данных прошло успешно
2025-03-04 13:23:23,373 - INFO - Подключение к базе данных закрыто
2025-03-04 13:23:23,880 - INFO - База данных уже существует
2025-03-04 13:23:23,894 - INFO - Подключение к базе данных прошло успешно
2025-03-04 13:25:03,315 - INFO - Подключение к базе данных закрыто
2025-03-04 13:25:03,959 - INFO - База данных уже существует
2025-03-04 13:25:03,972 - INFO - Подключение к базе данных прошло успешно
2025-03-04 13:26:54,981 - INFO - Подключение к базе данных закрыто
2025-03-04 13:26:55,477 - INFO - База данных уже существует
2025-03-04 13:26:55,487 - INFO - Подключение к базе данных прошло успешно
2025-03-04 13:28:55,910 - INFO - Подключение к базе данных закрыто
2025-03-04 13:28:56,517 - INFO - База данных уже существует
2025-03-04 13:28:56,530 - INFO - Подключение к базе данных прошло успешно
2025-03-04 13:29:05,332 - INFO - Подключение к базе данных закрыто
2025-03-04 13:29:05,832 - INFO - База данных уже существует
2025-03-04 13:29:05,844 - INFO - Подключение к базе данных прошло успешно
2025-03-04 13:29:33,835 - INFO - Подключение к базе данных закрыто
2025-03-04 13:29:34,445 - INFO - База данных уже существует
2025-03-04 13:29:34,454 - INFO - Подключение к базе данных прошло успешно
2025-03-04 13:30:51,548 - INFO - Подключение к базе данных закрыто
2025-03-04 13:30:52,047 - INFO - База данных уже существует
2025-03-04 13:30:52,061 - INFO - Подключение к базе данных прошло успешно
2025-03-04 13:31:21,577 - INFO - Подключение к базе данных закрыто
2025-03-04 13:31:22,085 - INFO - База данных уже существует
2025-03-04 13:31:22,096 - INFO - Подключение к базе данных прошло успешно
2025-03-04 13:34:28,884 - INFO - Подключение к базе данных закрыто
2025-03-04 13:34:29,403 - INFO - База данных уже существует
2025-03-04 13:34:29,447 - INFO - Подключение к базе данных прошло успешно
2025-03-04 13:42:31,484 - INFO - Подключение к базе данных закрыто
2025-03-04 13:42:32,001 - INFO - База данных уже существует
2025-03-04 13:42:32,014 - INFO - Подключение к базе данных прошло успешно
2025-03-04 13:42:59,802 - INFO - Подключение к базе данных закрыто
2025-03-04 13:43:00,305 - INFO - База данных уже существует
2025-03-04 13:43:00,316 - INFO - Подключение к базе данных прошло успешно
2025-03-04 13:43:04,669 - INFO - Подключение к базе данных закрыто
2025-03-04 13:43:05,156 - INFO - База данных уже существует
2025-03-04 13:43:05,169 - INFO - Подключение к базе данных прошло успешно
2025-03-04 13:43:41,640 - INFO - Подключение к базе данных закрыто
2025-03-04 13:43:42,129 - INFO - База данных уже существует
2025-03-04 13:43:42,140 - INFO - Подключение к базе данных прошло успешно
2025-03-04 13:44:05,492 - INFO - Подключение к базе данных закрыто
2025-03-04 13:44:05,977 - INFO - База данных уже существует
2025-03-04 13:44:05,989 - INFO - Подключение к базе данных прошло успешно
2025-03-04 13:47:21,972 - INFO - Подключение к базе данных закрыто
2025-03-05 11:51:35,359 - ERROR - Class 'builtins.str' is not mapped
2025-03-05 11:53:00,894 - ERROR - One or more mappers failed to initialize - can't proceed with initialization of other mappers. Triggering mapper: 'Mapper[Post(posts)]'. Original exception was: Class 'builtins.str' is not mapped
2025-03-05 13:52:19,483 - ERROR - (sqlalchemy.dialects.postgresql.asyncpg.IntegrityError) <class 'asyncpg.exceptions.NotNullViolationError'>: null value in column "image" of relation "posts" violates not-null constraint
DETAIL:  Failing row contains (string, string, 2025-03-05 02:52:19.477664, null, 1).
[SQL: INSERT INTO posts (title, content, image) VALUES ($1::VARCHAR, $2::VARCHAR, $3::VARCHAR) RETURNING posts.created_at, posts.id]
[parameters: ('string', 'string', None)]
(Background on this error at: https://sqlalche.me/e/20/gkpj)
2025-03-05 13:53:37,050 - ERROR - (sqlalchemy.dialects.postgresql.asyncpg.IntegrityError) <class 'asyncpg.exceptions.NotNullViolationError'>: null value in column "image" of relation "posts" violates not-null constraint
DETAIL:  Failing row contains (string, string, 2025-03-05 02:53:37.044084, null, 2).
[SQL: INSERT INTO posts (title, content, image) VALUES ($1::VARCHAR, $2::VARCHAR, $3::VARCHAR) RETURNING posts.created_at, posts.id]
[parameters: ('string', 'string', None)]
(Background on this error at: https://sqlalche.me/e/20/gkpj)
2025-03-05 13:56:27,982 - ERROR - The unique() method must be invoked on this Result, as it contains results that include joined eager loads against collections
2025-03-05 15:17:03,168 - ERROR - Could not determine join condition between parent/child tables on relationship Tag.posts - there are no foreign keys linking these tables.  Ensure that referencing columns are associated with a ForeignKey or ForeignKeyConstraint, or specify a 'primaryjoin' expression.
2025-03-05 15:29:14,409 - ERROR - (sqlalchemy.dialects.postgresql.asyncpg.Error) <class 'asyncpg.exceptions.DataError'>: invalid input for query argument $3: datetime.datetime(2025, 3, 5, 12, 29, 5,... (can't subtract offset-naive and offset-aware datetimes)
[SQL: INSERT INTO posts (title, content, created_at, image) VALUES ($1::VARCHAR, $2::VARCHAR, $3::TIMESTAMP WITHOUT TIME ZONE, $4::VARCHAR) RETURNING posts.id]
[parameters: ('string', 'string', datetime.datetime(2025, 3, 5, 12, 29, 5, 275000, tzinfo=TzInfo(UTC)), None)]
(Background on this error at: https://sqlalche.me/e/20/dbapi)
2025-03-05 15:30:16,059 - ERROR - (sqlalchemy.dialects.postgresql.asyncpg.Error) <class 'asyncpg.exceptions.DataError'>: invalid input for query argument $3: datetime.datetime(2025, 3, 5, 12, 29, 5,... (can't subtract offset-naive and offset-aware datetimes)
[SQL: INSERT INTO posts (title, content, created_at, image) VALUES ($1::VARCHAR, $2::VARCHAR, $3::TIMESTAMP WITHOUT TIME ZONE, $4::VARCHAR) RETURNING posts.id]
[parameters: ('string', 'string', datetime.datetime(2025, 3, 5, 12, 29, 5, 275000, tzinfo=TzInfo(UTC)), None)]
(Background on this error at: https://sqlalche.me/e/20/dbapi)
2025-03-05 15:32:20,247 - ERROR - (sqlalchemy.dialects.postgresql.asyncpg.Error) <class 'asyncpg.exceptions.DataError'>: invalid input for query argument $3: datetime.datetime(2025, 3, 5, 12, 29, 5,... (can't subtract offset-naive and offset-aware datetimes)
[SQL: INSERT INTO posts (title, content, created_at, image) VALUES ($1::VARCHAR, $2::VARCHAR, $3::TIMESTAMP WITHOUT TIME ZONE, $4::VARCHAR) RETURNING posts.id]
[parameters: ('string', 'string', datetime.datetime(2025, 3, 5, 12, 29, 5, 275000, tzinfo=TzInfo(UTC)), None)]
(Background on this error at: https://sqlalche.me/e/20/dbapi)
2025-03-05 15:36:14,552 - ERROR - (sqlalchemy.dialects.postgresql.asyncpg.Error) <class 'asyncpg.exceptions.DataError'>: invalid input for query argument $3: datetime.datetime(2025, 3, 5, 12, 29, 5,... (can't subtract offset-naive and offset-aware datetimes)
[SQL: INSERT INTO posts (title, content, created_at, image) VALUES ($1::VARCHAR, $2::VARCHAR, $3::TIMESTAMP WITHOUT TIME ZONE, $4::VARCHAR) RETURNING posts.id]
[parameters: ('string', 'string', datetime.datetime(2025, 3, 5, 12, 29, 5, 275000, tzinfo=TzInfo(UTC)), None)]
(Background on this error at: https://sqlalche.me/e/20/dbapi)
2025-03-05 15:38:27,345 - ERROR - (sqlalchemy.dialects.postgresql.asyncpg.Error) <class 'asyncpg.exceptions.DataError'>: invalid input for query argument $3: datetime.datetime(2025, 3, 5, 12, 38, 11... (can't subtract offset-naive and offset-aware datetimes)
[SQL: INSERT INTO posts (title, content, created_at, image) VALUES ($1::VARCHAR, $2::VARCHAR, $3::TIMESTAMP WITHOUT TIME ZONE, $4::VARCHAR) RETURNING posts.id]
[parameters: ('string', 'string', datetime.datetime(2025, 3, 5, 12, 38, 11, 775000, tzinfo=TzInfo(UTC)), None)]
(Background on this error at: https://sqlalche.me/e/20/dbapi)
2025-03-05 15:43:56,395 - ERROR - (sqlalchemy.dialects.postgresql.asyncpg.Error) <class 'asyncpg.exceptions.DataError'>: invalid input for query argument $3: datetime.datetime(2025, 3, 5, 12, 38, 11... (can't subtract offset-naive and offset-aware datetimes)
[SQL: INSERT INTO posts (title, content, created_at, image) VALUES ($1::VARCHAR, $2::VARCHAR, $3::TIMESTAMP WITHOUT TIME ZONE, $4::VARCHAR) RETURNING posts.id]
[parameters: ('string', 'string', datetime.datetime(2025, 3, 5, 12, 38, 11, 775000, tzinfo=TzInfo(UTC)), None)]
(Background on this error at: https://sqlalche.me/e/20/dbapi)
2025-03-07 12:33:58,652 - ERROR - (sqlalchemy.dialects.postgresql.asyncpg.IntegrityError) <class 'asyncpg.exceptions.ForeignKeyViolationError'>: update or delete on table "posts" violates foreign key constraint "tag_post_post_id_fkey" on table "tag_post"
DETAIL:  Key (id)=(7) is still referenced from table "tag_post".
[SQL: DELETE FROM posts WHERE posts.id = $1::INTEGER]
[parameters: (7,)]
(Background on this error at: https://sqlalche.me/e/20/gkpj)
2025-03-07 13:01:29,552 - ERROR - Could not determine join condition between parent/child tables on relationship Post.tags - there are no foreign keys linking these tables via secondary table 'tag_post'.  Ensure that referencing columns are associated with a ForeignKey or ForeignKeyConstraint, or specify 'primaryjoin' and 'secondaryjoin' expressions.
2025-03-07 13:01:41,173 - ERROR - One or more mappers failed to initialize - can't proceed with initialization of other mappers. Triggering mapper: 'Mapper[Post(post)]'. Original exception was: Could not determine join condition between parent/child tables on relationship Post.tags - there are no foreign keys linking these tables via secondary table 'tag_post'.  Ensure that referencing columns are associated with a ForeignKey or ForeignKeyConstraint, or specify 'primaryjoin' and 'secondaryjoin' expressions.
2025-03-07 14:17:29,147 - ERROR - Could not determine join condition between parent/child tables on relationship Post.tags - there are no foreign keys linking these tables via secondary table 'tag_post'.  Ensure that referencing columns are associated with a ForeignKey or ForeignKeyConstraint, or specify 'primaryjoin' and 'secondaryjoin' expressions.
2025-03-07 14:50:40,450 - ERROR - Instance '<Tag at 0x108aaaba0>' is not persistent within this Session
2025-03-07 14:52:21,473 - ERROR - Instance '<Tag at 0x112fd0d70>' is not persistent within this Session
2025-03-07 14:52:52,060 - ERROR - Instance '<Tag at 0x104d68d70>' is not persistent within this Session
2025-03-07 14:52:56,873 - ERROR - Instance '<Tag at 0x104d5de50>' is not persistent within this Session
2025-03-07 14:53:05,809 - ERROR - Instance '<Tag at 0x104d5da90>' is not persistent within this Session
2025-03-07 14:54:22,377 - ERROR - Instance '<Tag at 0x112ed0ec0>' is not persistent within this Session
2025-03-07 14:55:54,507 - ERROR - Instance '<Tag at 0x1071d0ec0>' is not persistent within this Session
2025-03-07 14:59:41,466 - ERROR - Instance '<Tag at 0x1063f7770>' is not persistent within this Session
2025-03-07 15:00:05,806 - ERROR - Instance '<Tag at 0x104927770>' is not persistent within this Session
2025-03-07 15:05:29,939 - ERROR - Instance '<Tag at 0x107e7b770>' is not persistent within this Session
2025-03-07 15:05:38,848 - ERROR - Instance '<Tag at 0x1064f7770>' is not persistent within this Session
2025-04-14 13:11:18,603 - ERROR - (sqlalchemy.dialects.postgresql.asyncpg.IntegrityError) <class 'asyncpg.exceptions.UniqueViolationError'>: duplicate key value violates unique constraint "user_username_key"
DETAIL:  Key (username)=(Anton) already exists.
[SQL: INSERT INTO "user" (username, email, password) VALUES ($1::VARCHAR, $2::VARCHAR, $3::VARCHAR) RETURNING "user".id]
[parameters: ('Anton', 'Anton@example.com', 'Anton123')]
(Background on this error at: https://sqlalche.me/e/20/gkpj)
2025-04-14 13:11:42,716 - ERROR - (sqlalchemy.dialects.postgresql.asyncpg.IntegrityError) <class 'asyncpg.exceptions.UniqueViolationError'>: duplicate key value violates unique constraint "user_username_key"
DETAIL:  Key (username)=(Anton) already exists.
[SQL: INSERT INTO "user" (username, email, password) VALUES ($1::VARCHAR, $2::VARCHAR, $3::VARCHAR) RETURNING "user".id]
[parameters: ('Anton', 'Anton@example.com', 'Anton123')]
(Background on this error at: https://sqlalche.me/e/20/gkpj)
2025-04-14 13:11:46,477 - ERROR - (sqlalchemy.dialects.postgresql.asyncpg.IntegrityError) <class 'asyncpg.exceptions.UniqueViolationError'>: duplicate key value violates unique constraint "user_username_key"
DETAIL:  Key (username)=(Anton) already exists.
[SQL: INSERT INTO "user" (username, email, password) VALUES ($1::VARCHAR, $2::VARCHAR, $3::VARCHAR) RETURNING "user".id]
[parameters: ('Anton', 'Anton@example.com', 'Anton123')]
(Background on this error at: https://sqlalche.me/e/20/gkpj)
2025-04-14 17:56:56,437 - ERROR - (sqlalchemy.dialects.postgresql.asyncpg.IntegrityError) <class 'asyncpg.exceptions.UniqueViolationError'>: duplicate key value violates unique constraint "user_username_key"
DETAIL:  Key (username)=(Egor) already exists.
[SQL: INSERT INTO "user" (username, email, password) VALUES ($1::VARCHAR, $2::VARCHAR, $3::VARCHAR) RETURNING "user".id]
[parameters: ('Egor', 'Egor@example.com', '$2b$12$mSkc4DqBkL2lPWwpeKUqduYIUc/PYnUN22qArqh4zTaEV/h8BMzfe')]
(Background on this error at: https://sqlalche.me/e/20/gkpj)
2025-04-15 10:31:03,175 - ERROR - (sqlalchemy.dialects.postgresql.asyncpg.ProgrammingError) <class 'asyncpg.exceptions.UndefinedColumnError'>: column post.author_id does not exist
[SQL: SELECT post.author_id, post.title, post.content, post.created_at, post.image, post.id, tag_1.name, tag_1.id AS id_1 
FROM post JOIN tag_post AS tag_post_1 ON post.id = tag_post_1.post_id JOIN tag AS tag_1 ON tag_1.id = tag_post_1.tag_id]
(Background on this error at: https://sqlalche.me/e/20/f405)
2025-04-15 10:32:27,689 - ERROR - (sqlalchemy.dialects.postgresql.asyncpg.ProgrammingError) <class 'asyncpg.exceptions.UndefinedColumnError'>: column post.author_id does not exist
[SQL: SELECT post.author_id, post.title, post.content, post.created_at, post.image, post.id, tag_1.name, tag_1.id AS id_1 
FROM post JOIN tag_post AS tag_post_1 ON post.id = tag_post_1.post_id JOIN tag AS tag_1 ON tag_1.id = tag_post_1.tag_id]
(Background on this error at: https://sqlalche.me/e/20/f405)
2025-04-15 10:32:58,993 - ERROR - (sqlalchemy.dialects.postgresql.asyncpg.ProgrammingError) <class 'asyncpg.exceptions.UndefinedColumnError'>: column post.author_id does not exist
[SQL: SELECT post.author_id, post.title, post.content, post.created_at, post.image, post.id, tag_1.name, tag_1.id AS id_1 
FROM post JOIN tag_post AS tag_post_1 ON post.id = tag_post_1.post_id JOIN tag AS tag_1 ON tag_1.id = tag_post_1.tag_id]
(Background on this error at: https://sqlalche.me/e/20/f405)
2025-04-15 15:02:38,301 - ERROR - (sqlalchemy.dialects.postgresql.asyncpg.ProgrammingError) <class 'asyncpg.exceptions.UndefinedColumnError'>: column user.image does not exist
[SQL: SELECT "user".id, "user".username, "user".image, "user".email, "user".password 
FROM "user" 
WHERE "user".username = $1::VARCHAR]
[parameters: ('new_user',)]
(Background on this error at: https://sqlalche.me/e/20/f405)
2025-04-15 15:04:53,806 - ERROR - (sqlalchemy.dialects.postgresql.asyncpg.ProgrammingError) <class 'asyncpg.exceptions.UndefinedColumnError'>: column user.image does not exist
[SQL: SELECT "user".id, "user".username, "user".image, "user".email, "user".password 
FROM "user" 
WHERE "user".username = $1::VARCHAR]
[parameters: ('new_user',)]
(Background on this error at: https://sqlalche.me/e/20/f405)
2025-04-15 15:05:01,300 - ERROR - (sqlalchemy.dialects.postgresql.asyncpg.ProgrammingError) <class 'asyncpg.exceptions.UndefinedColumnError'>: column user.image does not exist
[SQL: SELECT "user".id, "user".username, "user".image, "user".email, "user".password 
FROM "user" 
WHERE "user".username = $1::VARCHAR]
[parameters: ('new_user',)]
(Background on this error at: https://sqlalche.me/e/20/f405)
2025-04-15 15:05:21,280 - ERROR - (sqlalchemy.dialects.postgresql.asyncpg.ProgrammingError) <class 'asyncpg.exceptions.UndefinedColumnError'>: column "image" of relation "user" does not exist
[SQL: INSERT INTO "user" (username, image, email, password) VALUES ($1::VARCHAR, $2::VARCHAR, $3::VARCHAR, $4::VARCHAR) RETURNING "user".id]
[parameters: ('Olga', None, 'Olga@mail.com', '$2b$12$NgwQlsTis8OF6vndHQv4kOq7u8wMFBTZdHZHeThbjhG2ZagRpCg/u')]
(Background on this error at: https://sqlalche.me/e/20/f405)
2025-04-15 17:48:58,756 - ERROR - (sqlalchemy.dialects.postgresql.asyncpg.Error) <class 'asyncpg.exceptions.DataError'>: invalid input for query argument $1: UploadFile(filename='images-2.jpeg', siz... (expected str, got UploadFile)
[SQL: UPDATE "user" SET image=$1::VARCHAR WHERE "user".id = $2::INTEGER]
[parameters: (UploadFile(filename='images-2.jpeg', size=7792, headers=Headers({'content-disposition': 'form-data; name="image"; filename="images-2.jpeg"', 'content-type': 'image/jpeg'})), 15)]
(Background on this error at: https://sqlalche.me/e/20/dbapi)
